<?xml version="1.0" encoding="UTF-8"?>
<testsuite xmlns:xsi="http://www.w3.org/2001/XMLSchema-instance" xsi:noNamespaceSchemaLocation="https://maven.apache.org/surefire/maven-surefire-plugin/xsd/surefire-test-report-3.0.xsd" version="3.0" name="com.aviation.fmc.acars.AcarsGroundStationTest" time="1.183" tests="13" errors="0" skipped="0" failures="0">
  <properties>
[...]
</properties>
  <testcase name="testGetActiveAircraft" classname="com.aviation.fmc.acars.AcarsGroundStationTest" time="0.014">
    <system-out><![CDATA[11:12:34.141 [main] INFO com.aviation.fmc.acars.AcarsGroundStation -- Starting ACARS ground station: Test Ground Station (TEST-GS)
11:12:34.152 [main] DEBUG com.aviation.fmc.acars.AcarsGroundStation -- Station TEST-GS received FREE_TEXT message from N123AA
11:12:34.152 [pool-60-thread-1] INFO com.aviation.fmc.acars.AcarsGroundStation -- Processing inbound FREE_TEXT message from N123AA at station TEST-GS
11:12:34.152 [main] DEBUG com.aviation.fmc.acars.AcarsGroundStation -- Station TEST-GS received FREE_TEXT message from N456UA
11:12:34.152 [pool-60-thread-1] INFO com.aviation.fmc.acars.AcarsGroundStation -- Processing inbound FREE_TEXT message from N456UA at station TEST-GS
11:12:34.154 [main] INFO com.aviation.fmc.acars.AcarsGroundStation -- Stopped ACARS ground station: TEST-GS
]]></system-out>
  </testcase>
  <testcase name="testStatistics" classname="com.aviation.fmc.acars.AcarsGroundStationTest" time="0.004">
    <system-out><![CDATA[11:12:34.156 [main] INFO com.aviation.fmc.acars.AcarsGroundStation -- Starting ACARS ground station: Test Ground Station (TEST-GS)
11:12:34.158 [main] DEBUG com.aviation.fmc.acars.AcarsGroundStation -- Station TEST-GS received FREE_TEXT message from N123AA
11:12:34.158 [pool-61-thread-1] INFO com.aviation.fmc.acars.AcarsGroundStation -- Processing inbound FREE_TEXT message from N123AA at station TEST-GS
11:12:34.158 [main] INFO com.aviation.fmc.acars.AcarsGroundStation -- Stopped ACARS ground station: TEST-GS
]]></system-out>
  </testcase>
  <testcase name="testLabelSubscriptionNotTriggeredForOtherLabels" classname="com.aviation.fmc.acars.AcarsGroundStationTest" time="0.505">
    <system-out><![CDATA[11:12:34.161 [main] INFO com.aviation.fmc.acars.AcarsGroundStation -- Starting ACARS ground station: Test Ground Station (TEST-GS)
11:12:34.163 [pool-62-thread-1] INFO com.aviation.fmc.acars.AcarsGroundStation -- Processing inbound FREE_TEXT message from N123AA at station TEST-GS
11:12:34.163 [main] DEBUG com.aviation.fmc.acars.AcarsGroundStation -- Station TEST-GS received FREE_TEXT message from N123AA
11:12:34.664 [main] INFO com.aviation.fmc.acars.AcarsGroundStation -- Stopped ACARS ground station: TEST-GS
]]></system-out>
  </testcase>
  <testcase name="testReceiveWhenNotRunning" classname="com.aviation.fmc.acars.AcarsGroundStationTest" time="0.002">
    <system-out><![CDATA[11:12:34.666 [main] INFO com.aviation.fmc.acars.AcarsGroundStation -- Starting ACARS ground station: Test Ground Station (TEST-GS)
11:12:34.667 [main] INFO com.aviation.fmc.acars.AcarsGroundStation -- Stopped ACARS ground station: TEST-GS
11:12:34.668 [main] WARN com.aviation.fmc.acars.AcarsGroundStation -- Station TEST-GS not running, cannot receive message
11:12:34.668 [main] INFO com.aviation.fmc.acars.AcarsGroundStation -- Stopped ACARS ground station: TEST-GS
]]></system-out>
  </testcase>
  <testcase name="testSendWhenNotRunning" classname="com.aviation.fmc.acars.AcarsGroundStationTest" time="0.003">
    <system-out><![CDATA[11:12:34.670 [main] INFO com.aviation.fmc.acars.AcarsGroundStation -- Starting ACARS ground station: Test Ground Station (TEST-GS)
11:12:34.672 [main] INFO com.aviation.fmc.acars.AcarsGroundStation -- Stopped ACARS ground station: TEST-GS
11:12:34.672 [main] WARN com.aviation.fmc.acars.AcarsGroundStation -- Station TEST-GS not running, cannot send message
11:12:34.672 [main] INFO com.aviation.fmc.acars.AcarsGroundStation -- Stopped ACARS ground station: TEST-GS
]]></system-out>
  </testcase>
  <testcase name="testSendToAircraftOutOfCoverage" classname="com.aviation.fmc.acars.AcarsGroundStationTest" time="0.003">
    <system-out><![CDATA[11:12:34.674 [main] INFO com.aviation.fmc.acars.AcarsGroundStation -- Starting ACARS ground station: Test Ground Station (TEST-GS)
11:12:34.675 [main] INFO com.aviation.fmc.acars.AcarsGroundStation -- Aircraft N999XX not in coverage, message stored for later delivery
11:12:34.676 [main] INFO com.aviation.fmc.acars.AcarsGroundStation -- Stopped ACARS ground station: TEST-GS
]]></system-out>
  </testcase>
  <testcase name="testUnsubscribe" classname="com.aviation.fmc.acars.AcarsGroundStationTest" time="0.507">
    <system-out><![CDATA[11:12:34.678 [main] INFO com.aviation.fmc.acars.AcarsGroundStation -- Starting ACARS ground station: Test Ground Station (TEST-GS)
11:12:34.682 [pool-66-thread-1] INFO com.aviation.fmc.acars.AcarsGroundStation -- Processing inbound FREE_TEXT message from N123AA at station TEST-GS
11:12:34.682 [main] DEBUG com.aviation.fmc.acars.AcarsGroundStation -- Station TEST-GS received FREE_TEXT message from N123AA
11:12:35.183 [main] INFO com.aviation.fmc.acars.AcarsGroundStation -- Stopped ACARS ground station: TEST-GS
]]></system-out>
  </testcase>
  <testcase name="testStartAndStop" classname="com.aviation.fmc.acars.AcarsGroundStationTest" time="0.007">
    <system-out><![CDATA[11:12:35.185 [main] INFO com.aviation.fmc.acars.AcarsGroundStation -- Starting ACARS ground station: Test Ground Station (TEST-GS)
11:12:35.187 [main] INFO com.aviation.fmc.acars.AcarsGroundStation -- Stopped ACARS ground station: TEST-GS
11:12:35.188 [main] INFO com.aviation.fmc.acars.AcarsGroundStation -- Starting ACARS ground station: Test Ground Station (TEST-GS)
11:12:35.192 [main] INFO com.aviation.fmc.acars.AcarsGroundStation -- Stopped ACARS ground station: TEST-GS
]]></system-out>
  </testcase>
  <testcase name="testIsAircraftInCoverage" classname="com.aviation.fmc.acars.AcarsGroundStationTest" time="0.004">
    <system-out><![CDATA[11:12:35.193 [main] INFO com.aviation.fmc.acars.AcarsGroundStation -- Starting ACARS ground station: Test Ground Station (TEST-GS)
11:12:35.196 [main] DEBUG com.aviation.fmc.acars.AcarsGroundStation -- Station TEST-GS received FREE_TEXT message from N123AA
11:12:35.196 [pool-69-thread-1] INFO com.aviation.fmc.acars.AcarsGroundStation -- Processing inbound FREE_TEXT message from N123AA at station TEST-GS
11:12:35.196 [main] INFO com.aviation.fmc.acars.AcarsGroundStation -- Stopped ACARS ground station: TEST-GS
]]></system-out>
  </testcase>
  <testcase name="testSubscribeToLabel" classname="com.aviation.fmc.acars.AcarsGroundStationTest" time="0.004">
    <system-out><![CDATA[11:12:35.198 [main] INFO com.aviation.fmc.acars.AcarsGroundStation -- Starting ACARS ground station: Test Ground Station (TEST-GS)
11:12:35.200 [main] DEBUG com.aviation.fmc.acars.AcarsGroundStation -- Station TEST-GS received OOOI_EVENT message from N123AA
11:12:35.200 [pool-70-thread-1] INFO com.aviation.fmc.acars.AcarsGroundStation -- Processing inbound OOOI_EVENT message from N123AA at station TEST-GS
11:12:35.200 [pool-70-thread-1] ERROR com.aviation.fmc.acars.OooiEventHandler -- Failed to parse OOOI message: OUT
java.lang.IllegalArgumentException: Invalid OOOI message format
	at com.aviation.fmc.acars.OooiEventHandler.parseOooiMessage(OooiEventHandler.java:91)
	at com.aviation.fmc.acars.OooiEventHandler.processAcarsMessage(OooiEventHandler.java:71)
	at com.aviation.fmc.acars.AcarsGroundStation.processOooiMessage(AcarsGroundStation.java:283)
	at com.aviation.fmc.acars.AcarsGroundStation.handleInboundMessage(AcarsGroundStation.java:263)
	at com.aviation.fmc.acars.AcarsGroundStation.processInboundMessages(AcarsGroundStation.java:248)
	at java.base/java.util.concurrent.Executors$RunnableAdapter.call(Executors.java:572)
	at java.base/java.util.concurrent.FutureTask.run(FutureTask.java:317)
	at java.base/java.util.concurrent.ThreadPoolExecutor.runWorker(ThreadPoolExecutor.java:1144)
	at java.base/java.util.concurrent.ThreadPoolExecutor$Worker.run(ThreadPoolExecutor.java:642)
	at java.base/java.lang.Thread.run(Thread.java:1583)
11:12:35.202 [pool-70-thread-1] DEBUG com.aviation.fmc.acars.AcarsGroundStation -- Processed OOOI event from N123AA at station TEST-GS
11:12:35.202 [main] INFO com.aviation.fmc.acars.AcarsGroundStation -- Stopped ACARS ground station: TEST-GS
]]></system-out>
  </testcase>
  <testcase name="testReceiveFromAircraft" classname="com.aviation.fmc.acars.AcarsGroundStationTest" time="0.004">
    <system-out><![CDATA[11:12:35.204 [main] INFO com.aviation.fmc.acars.AcarsGroundStation -- Starting ACARS ground station: Test Ground Station (TEST-GS)
11:12:35.206 [main] DEBUG com.aviation.fmc.acars.AcarsGroundStation -- Station TEST-GS received FREE_TEXT message from N123AA
11:12:35.206 [pool-71-thread-1] INFO com.aviation.fmc.acars.AcarsGroundStation -- Processing inbound FREE_TEXT message from N123AA at station TEST-GS
11:12:35.207 [main] INFO com.aviation.fmc.acars.AcarsGroundStation -- Stopped ACARS ground station: TEST-GS
]]></system-out>
  </testcase>
  <testcase name="testSendToAircraftInCoverage" classname="com.aviation.fmc.acars.AcarsGroundStationTest" time="0.106">
    <system-out><![CDATA[11:12:35.213 [main] INFO com.aviation.fmc.acars.AcarsGroundStation -- Starting ACARS ground station: Test Ground Station (TEST-GS)
11:12:35.216 [main] DEBUG com.aviation.fmc.acars.AcarsGroundStation -- Station TEST-GS received FREE_TEXT message from N123AA
11:12:35.216 [pool-72-thread-1] INFO com.aviation.fmc.acars.AcarsGroundStation -- Processing inbound FREE_TEXT message from N123AA at station TEST-GS
11:12:35.318 [main] INFO com.aviation.fmc.acars.AcarsGroundStation -- Stopped ACARS ground station: TEST-GS
]]></system-out>
  </testcase>
  <testcase name="testGeoCoverage" classname="com.aviation.fmc.acars.AcarsGroundStationTest" time="0.003">
    <system-out><![CDATA[11:12:35.319 [main] INFO com.aviation.fmc.acars.AcarsGroundStation -- Starting ACARS ground station: Test Ground Station (TEST-GS)
11:12:35.322 [main] INFO com.aviation.fmc.acars.AcarsGroundStation -- Stopped ACARS ground station: TEST-GS
]]></system-out>
  </testcase>
</testsuite>