<?xml version="1.0" encoding="UTF-8"?>
<testsuite xmlns:xsi="http://www.w3.org/2001/XMLSchema-instance" xsi:noNamespaceSchemaLocation="https://maven.apache.org/surefire/maven-surefire-plugin/xsd/surefire-test-report-3.0.xsd" version="3.0" name="com.aviation.fmc.acars.AcarsMessageTest" time="0.136" tests="11" errors="0" skipped="0" failures="0">
  <properties>
[...]
</properties>
  <testcase name="testAllLabelsHaveCodes" classname="com.aviation.fmc.acars.AcarsMessageTest" time="0.002"/>
  <testcase name="testPriorityLevels" classname="com.aviation.fmc.acars.AcarsMessageTest" time="0.002"/>
  <testcase name="testToBuilder" classname="com.aviation.fmc.acars.AcarsMessageTest" time="0.002"/>
  <testcase name="testLabelProperties" classname="com.aviation.fmc.acars.AcarsMessageTest" time="0.001"/>
  <testcase name="testMessageRequiresAck" classname="com.aviation.fmc.acars.AcarsMessageTest" time="0.002"/>
  <testcase name="testCreateFreeTextMessage" classname="com.aviation.fmc.acars.AcarsMessageTest" time="0.002"/>
  <testcase name="testMessageBuilder" classname="com.aviation.fmc.acars.AcarsMessageTest" time="0.002"/>
  <testcase name="testIsPositionReport" classname="com.aviation.fmc.acars.AcarsMessageTest" time="0.002"/>
  <testcase name="testMessageLabelFromCode" classname="com.aviation.fmc.acars.AcarsMessageTest" time="0.003"/>
  <testcase name="testIsOooiEvent" classname="com.aviation.fmc.acars.AcarsMessageTest" time="0.002"/>
  <testcase name="testMessageAge" classname="com.aviation.fmc.acars.AcarsMessageTest" time="0.102"/>
</testsuite>