<?xml version="1.0" encoding="UTF-8"?>
<testsuite xmlns:xsi="http://www.w3.org/2001/XMLSchema-instance" xsi:noNamespaceSchemaLocation="https://maven.apache.org/surefire/maven-surefire-plugin/xsd/surefire-test-report-3.0.xsd" version="3.0" name="com.aviation.fmc.acars.OooiEventHandlerTest" time="0.053" tests="15" errors="0" skipped="0" failures="0">
  <properties>
[...]
</properties>
  <testcase name="testFlightSessionGetEvents" classname="com.aviation.fmc.acars.OooiEventHandlerTest" time="0.001">
    <system-out><![CDATA[11:12:35.327 [main] INFO com.aviation.fmc.acars.OooiEventHandler -- Processing OOOI event: OUT for aircraft N123AA at 2026-03-27T11:12:35.327101590Z
11:12:35.327 [main] INFO com.aviation.fmc.acars.OooiEventHandler -- Processing OOOI event: OFF for aircraft N123AA at 2026-03-27T11:22:35.327101590Z
]]></system-out>
  </testcase>
  <testcase name="testGenerateSummaryForActiveFlight" classname="com.aviation.fmc.acars.OooiEventHandlerTest" time="0.002">
    <system-out><![CDATA[11:12:35.329 [main] INFO com.aviation.fmc.acars.OooiEventHandler -- Processing OOOI event: OUT for aircraft N123AA at 2026-03-27T11:12:35.329216581Z
11:12:35.329 [main] INFO com.aviation.fmc.acars.OooiEventHandler -- Processing OOOI event: OFF for aircraft N123AA at 2026-03-27T11:22:35.329216581Z
]]></system-out>
  </testcase>
  <testcase name="testRemoveListener" classname="com.aviation.fmc.acars.OooiEventHandlerTest" time="0.002">
    <system-out><![CDATA[11:12:35.333 [main] INFO com.aviation.fmc.acars.OooiEventHandler -- Processing OOOI event: OUT for aircraft N123AA at 2026-03-27T11:12:35.333172155Z
11:12:35.333 [main] INFO com.aviation.fmc.acars.OooiEventHandler -- Processing OOOI event: OFF for aircraft N123AA at 2026-03-27T11:12:35.333541572Z
]]></system-out>
  </testcase>
  <testcase name="testGetAllActiveFlights" classname="com.aviation.fmc.acars.OooiEventHandlerTest" time="0.003">
    <system-out><![CDATA[11:12:35.335 [main] INFO com.aviation.fmc.acars.OooiEventHandler -- Processing OOOI event: OUT for aircraft N123AA at 2026-03-27T11:12:35.335587663Z
11:12:35.335 [main] INFO com.aviation.fmc.acars.OooiEventHandler -- Processing OOOI event: OUT for aircraft N456UA at 2026-03-27T11:12:35.335587663Z
11:12:35.335 [main] INFO com.aviation.fmc.acars.OooiEventHandler -- Processing OOOI event: OFF for aircraft N789DL at 2026-03-27T11:12:35.335587663Z
]]></system-out>
  </testcase>
  <testcase name="testListenerNotification" classname="com.aviation.fmc.acars.OooiEventHandlerTest" time="0.004">
    <system-out><![CDATA[11:12:35.340 [main] INFO com.aviation.fmc.acars.OooiEventHandler -- Processing OOOI event: OUT for aircraft N123AA at 2026-03-27T11:12:35.340041138Z
11:12:35.340 [main] INFO com.aviation.fmc.acars.OooiEventHandler -- Processing OOOI event: OFF for aircraft N123AA at 2026-03-27T11:20:35.340041138Z
11:12:35.340 [main] INFO com.aviation.fmc.acars.OooiEventHandler -- Processing OOOI event: ON for aircraft N123AA at 2026-03-27T13:12:35.340041138Z
11:12:35.340 [main] INFO com.aviation.fmc.acars.OooiEventHandler -- Processing OOOI event: IN for aircraft N123AA at 2026-03-27T13:22:35.340041138Z
11:12:35.341 [main] INFO com.aviation.fmc.acars.OooiEventHandler -- Flight completed for N123AA: Block Time=02:10, Flight Time=01:52
]]></system-out>
  </testcase>
  <testcase name="testCompleteFlightSequence" classname="com.aviation.fmc.acars.OooiEventHandlerTest" time="0.002">
    <system-out><![CDATA[11:12:35.344 [main] INFO com.aviation.fmc.acars.OooiEventHandler -- Processing OOOI event: OUT for aircraft N123AA at 2026-03-27T11:12:35.344389962Z
11:12:35.344 [main] INFO com.aviation.fmc.acars.OooiEventHandler -- Processing OOOI event: OFF for aircraft N123AA at 2026-03-27T11:20:35.344389962Z
11:12:35.344 [main] INFO com.aviation.fmc.acars.OooiEventHandler -- Processing OOOI event: ON for aircraft N123AA at 2026-03-27T13:12:35.344389962Z
11:12:35.344 [main] INFO com.aviation.fmc.acars.OooiEventHandler -- Processing OOOI event: IN for aircraft N123AA at 2026-03-27T13:22:35.344389962Z
11:12:35.345 [main] INFO com.aviation.fmc.acars.OooiEventHandler -- Flight completed for N123AA: Block Time=02:10, Flight Time=01:52
]]></system-out>
  </testcase>
  <testcase name="testMultipleFlightsSameAircraft" classname="com.aviation.fmc.acars.OooiEventHandlerTest" time="0.004">
    <system-out><![CDATA[11:12:35.347 [main] INFO com.aviation.fmc.acars.OooiEventHandler -- Processing OOOI event: OUT for aircraft N123AA at 2026-03-27T11:12:35.347559795Z
11:12:35.348 [main] INFO com.aviation.fmc.acars.OooiEventHandler -- Processing OOOI event: IN for aircraft N123AA at 2026-03-27T12:12:35.347559795Z
11:12:35.349 [main] INFO com.aviation.fmc.acars.OooiEventHandler -- Flight completed for N123AA: Block Time=01:00, Flight Time=00:00
11:12:35.349 [main] INFO com.aviation.fmc.acars.OooiEventHandler -- Processing OOOI event: OUT for aircraft N123AA at 2026-03-27T13:12:35.347559795Z
11:12:35.349 [main] INFO com.aviation.fmc.acars.OooiEventHandler -- Processing OOOI event: IN for aircraft N123AA at 2026-03-27T14:12:35.347559795Z
11:12:35.350 [main] INFO com.aviation.fmc.acars.OooiEventHandler -- Flight completed for N123AA: Block Time=01:00, Flight Time=00:00
]]></system-out>
  </testcase>
  <testcase name="testGenerateSummaryForNonExistentFlight" classname="com.aviation.fmc.acars.OooiEventHandlerTest" time="0.001"/>
  <testcase name="testProcessAcarsMessage" classname="com.aviation.fmc.acars.OooiEventHandlerTest" time="0.004">
    <system-out><![CDATA[11:12:35.355 [main] INFO com.aviation.fmc.acars.OooiEventHandler -- Processing OOOI event: OUT for aircraft N123AA at 2026-03-27T14:30:00.355873836Z
]]></system-out>
  </testcase>
  <testcase name="testInvalidOooiMessageFormat" classname="com.aviation.fmc.acars.OooiEventHandlerTest" time="0.002">
    <system-out><![CDATA[11:12:35.358 [main] ERROR com.aviation.fmc.acars.OooiEventHandler -- Failed to parse OOOI message: INVALID MESSAGE
java.lang.IllegalArgumentException: Invalid OOOI message format
	at com.aviation.fmc.acars.OooiEventHandler.parseOooiMessage(OooiEventHandler.java:91)
	at com.aviation.fmc.acars.OooiEventHandler.processAcarsMessage(OooiEventHandler.java:71)
	at com.aviation.fmc.acars.OooiEventHandlerTest.lambda$testInvalidOooiMessageFormat$0(OooiEventHandlerTest.java:308)
	at org.assertj.core.api.ThrowableAssert.catchThrowable(ThrowableAssert.java:63)
	at org.assertj.core.api.NotThrownAssert.isThrownBy(NotThrownAssert.java:43)
	at com.aviation.fmc.acars.OooiEventHandlerTest.testInvalidOooiMessageFormat(OooiEventHandlerTest.java:308)
	at java.base/jdk.internal.reflect.DirectMethodHandleAccessor.invoke(DirectMethodHandleAccessor.java:103)
	at java.base/java.lang.reflect.Method.invoke(Method.java:580)
	at org.junit.platform.commons.util.ReflectionUtils.invokeMethod(ReflectionUtils.java:728)
	at org.junit.jupiter.engine.execution.MethodInvocation.proceed(MethodInvocation.java:60)
	at org.junit.jupiter.engine.execution.InvocationInterceptorChain$ValidatingInvocation.proceed(InvocationInterceptorChain.java:131)
	at org.junit.jupiter.engine.extension.TimeoutExtension.intercept(TimeoutExtension.java:156)
	at org.junit.jupiter.engine.extension.TimeoutExtension.interceptTestableMethod(TimeoutExtension.java:147)
	at org.junit.jupiter.engine.extension.TimeoutExtension.interceptTestMethod(TimeoutExtension.java:86)
	at org.junit.jupiter.engine.execution.InterceptingExecutableInvoker$ReflectiveInterceptorCall.lambda$ofVoidMethod$0(InterceptingExecutableInvoker.java:103)
	at org.junit.jupiter.engine.execution.InterceptingExecutableInvoker.lambda$invoke$0(InterceptingExecutableInvoker.java:93)
	at org.junit.jupiter.engine.execution.InvocationInterceptorChain$InterceptedInvocation.proceed(InvocationInterceptorChain.java:106)
	at org.junit.jupiter.engine.execution.InvocationInterceptorChain.proceed(InvocationInterceptorChain.java:64)
	at org.junit.jupiter.engine.execution.InvocationInterceptorChain.chainAndInvoke(InvocationInterceptorChain.java:45)
	at org.junit.jupiter.engine.execution.InvocationInterceptorChain.invoke(InvocationInterceptorChain.java:37)
	at org.junit.jupiter.engine.execution.InterceptingExecutableInvoker.invoke(InterceptingExecutableInvoker.java:92)
	at org.junit.jupiter.engine.execution.InterceptingExecutableInvoker.invoke(InterceptingExecutableInvoker.java:86)
	at org.junit.jupiter.engine.descriptor.TestMethodTestDescriptor.lambda$invokeTestMethod$7(TestMethodTestDescriptor.java:218)
	at org.junit.platform.engine.support.hierarchical.ThrowableCollector.execute(ThrowableCollector.java:73)
	at org.junit.jupiter.engine.descriptor.TestMethodTestDescriptor.invokeTestMethod(TestMethodTestDescriptor.java:214)
	at org.junit.jupiter.engine.descriptor.TestMethodTestDescriptor.execute(TestMethodTestDescriptor.java:139)
	at org.junit.jupiter.engine.descriptor.TestMethodTestDescriptor.execute(TestMethodTestDescriptor.java:69)
	at org.junit.platform.engine.support.hierarchical.NodeTestTask.lambda$executeRecursively$6(NodeTestTask.java:151)
	at org.junit.platform.engine.support.hierarchical.ThrowableCollector.execute(ThrowableCollector.java:73)
	at org.junit.platform.engine.support.hierarchical.NodeTestTask.lambda$executeRecursively$8(NodeTestTask.java:141)
	at org.junit.platform.engine.support.hierarchical.Node.around(Node.java:137)
	at org.junit.platform.engine.support.hierarchical.NodeTestTask.lambda$executeRecursively$9(NodeTestTask.java:139)
	at org.junit.platform.engine.support.hierarchical.ThrowableCollector.execute(ThrowableCollector.java:73)
	at org.junit.platform.engine.support.hierarchical.NodeTestTask.executeRecursively(NodeTestTask.java:138)
	at org.junit.platform.engine.support.hierarchical.NodeTestTask.execute(NodeTestTask.java:95)
	at java.base/java.util.ArrayList.forEach(ArrayList.java:1596)
	at org.junit.platform.engine.support.hierarchical.SameThreadHierarchicalTestExecutorService.invokeAll(SameThreadHierarchicalTestExecutorService.java:41)
	at org.junit.platform.engine.support.hierarchical.NodeTestTask.lambda$executeRecursively$6(NodeTestTask.java:155)
	at org.junit.platform.engine.support.hierarchical.ThrowableCollector.execute(ThrowableCollector.java:73)
	at org.junit.platform.engine.support.hierarchical.NodeTestTask.lambda$executeRecursively$8(NodeTestTask.java:141)
	at org.junit.platform.engine.support.hierarchical.Node.around(Node.java:137)
	at org.junit.platform.engine.support.hierarchical.NodeTestTask.lambda$executeRecursively$9(NodeTestTask.java:139)
	at org.junit.platform.engine.support.hierarchical.ThrowableCollector.execute(ThrowableCollector.java:73)
	at org.junit.platform.engine.support.hierarchical.NodeTestTask.executeRecursively(NodeTestTask.java:138)
	at org.junit.platform.engine.support.hierarchical.NodeTestTask.execute(NodeTestTask.java:95)
	at java.base/java.util.ArrayList.forEach(ArrayList.java:1596)
	at org.junit.platform.engine.support.hierarchical.SameThreadHierarchicalTestExecutorService.invokeAll(SameThreadHierarchicalTestExecutorService.java:41)
	at org.junit.platform.engine.support.hierarchical.NodeTestTask.lambda$executeRecursively$6(NodeTestTask.java:155)
	at org.junit.platform.engine.support.hierarchical.ThrowableCollector.execute(ThrowableCollector.java:73)
	at org.junit.platform.engine.support.hierarchical.NodeTestTask.lambda$executeRecursively$8(NodeTestTask.java:141)
	at org.junit.platform.engine.support.hierarchical.Node.around(Node.java:137)
	at org.junit.platform.engine.support.hierarchical.NodeTestTask.lambda$executeRecursively$9(NodeTestTask.java:139)
	at org.junit.platform.engine.support.hierarchical.ThrowableCollector.execute(ThrowableCollector.java:73)
	at org.junit.platform.engine.support.hierarchical.NodeTestTask.executeRecursively(NodeTestTask.java:138)
	at org.junit.platform.engine.support.hierarchical.NodeTestTask.execute(NodeTestTask.java:95)
	at org.junit.platform.engine.support.hierarchical.SameThreadHierarchicalTestExecutorService.submit(SameThreadHierarchicalTestExecutorService.java:35)
	at org.junit.platform.engine.support.hierarchical.HierarchicalTestExecutor.execute(HierarchicalTestExecutor.java:57)
	at org.junit.platform.engine.support.hierarchical.HierarchicalTestEngine.execute(HierarchicalTestEngine.java:54)
	at org.junit.platform.launcher.core.EngineExecutionOrchestrator.execute(EngineExecutionOrchestrator.java:198)
	at org.junit.platform.launcher.core.EngineExecutionOrchestrator.execute(EngineExecutionOrchestrator.java:169)
	at org.junit.platform.launcher.core.EngineExecutionOrchestrator.execute(EngineExecutionOrchestrator.java:93)
	at org.junit.platform.launcher.core.EngineExecutionOrchestrator.lambda$execute$0(EngineExecutionOrchestrator.java:58)
	at org.junit.platform.launcher.core.EngineExecutionOrchestrator.withInterceptedStreams(EngineExecutionOrchestrator.java:141)
	at org.junit.platform.launcher.core.EngineExecutionOrchestrator.execute(EngineExecutionOrchestrator.java:57)
	at org.junit.platform.launcher.core.DefaultLauncher.execute(DefaultLauncher.java:103)
	at org.junit.platform.launcher.core.DefaultLauncher.execute(DefaultLauncher.java:85)
	at org.junit.platform.launcher.core.DelegatingLauncher.execute(DelegatingLauncher.java:47)
	at org.apache.maven.surefire.junitplatform.LazyLauncher.execute(LazyLauncher.java:56)
	at org.apache.maven.surefire.junitplatform.JUnitPlatformProvider.execute(JUnitPlatformProvider.java:184)
	at org.apache.maven.surefire.junitplatform.JUnitPlatformProvider.invokeAllTests(JUnitPlatformProvider.java:148)
	at org.apache.maven.surefire.junitplatform.JUnitPlatformProvider.invoke(JUnitPlatformProvider.java:122)
	at org.apache.maven.surefire.booter.ForkedBooter.runSuitesInProcess(ForkedBooter.java:385)
	at org.apache.maven.surefire.booter.ForkedBooter.execute(ForkedBooter.java:162)
	at org.apache.maven.surefire.booter.ForkedBooter.run(ForkedBooter.java:507)
	at org.apache.maven.surefire.booter.ForkedBooter.main(ForkedBooter.java:495)
]]></system-out>
  </testcase>
  <testcase name="testFlightSummaryCalculations" classname="com.aviation.fmc.acars.OooiEventHandlerTest" time="0.006">
    <system-out><![CDATA[11:12:35.361 [main] INFO com.aviation.fmc.acars.OooiEventHandler -- Processing OOOI event: OUT for aircraft N123AA at 2026-03-27T11:12:35.361590802Z
11:12:35.361 [main] INFO com.aviation.fmc.acars.OooiEventHandler -- Processing OOOI event: OFF for aircraft N123AA at 2026-03-27T11:22:35.361590802Z
11:12:35.362 [main] INFO com.aviation.fmc.acars.OooiEventHandler -- Processing OOOI event: ON for aircraft N123AA at 2026-03-27T13:12:35.361590802Z
11:12:35.362 [main] INFO com.aviation.fmc.acars.OooiEventHandler -- Processing OOOI event: IN for aircraft N123AA at 2026-03-27T13:22:35.361590802Z
11:12:35.365 [main] INFO com.aviation.fmc.acars.OooiEventHandler -- Flight completed for N123AA: Block Time=02:10, Flight Time=01:50
]]></system-out>
  </testcase>
  <testcase name="testFlightSessionGetLastEvent" classname="com.aviation.fmc.acars.OooiEventHandlerTest" time="0.002">
    <system-out><![CDATA[11:12:35.370 [main] INFO com.aviation.fmc.acars.OooiEventHandler -- Processing OOOI event: OUT for aircraft N123AA at 2026-03-27T11:12:35.370505225Z
]]></system-out>
  </testcase>
  <testcase name="testProcessNonOooiMessageIgnored" classname="com.aviation.fmc.acars.OooiEventHandlerTest" time="0.001"/>
  <testcase name="testProcessOutEvent" classname="com.aviation.fmc.acars.OooiEventHandlerTest" time="0.0">
    <system-out><![CDATA[11:12:35.373 [main] INFO com.aviation.fmc.acars.OooiEventHandler -- Processing OOOI event: OUT for aircraft N123AA at 2026-03-27T11:12:35.373578750Z
]]></system-out>
  </testcase>
  <testcase name="testClearHistory" classname="com.aviation.fmc.acars.OooiEventHandlerTest" time="0.002">
    <system-out><![CDATA[11:12:35.376 [main] INFO com.aviation.fmc.acars.OooiEventHandler -- Processing OOOI event: OUT for aircraft N123AA at 2026-03-27T11:12:35.376456083Z
11:12:35.376 [main] INFO com.aviation.fmc.acars.OooiEventHandler -- Processing OOOI event: IN for aircraft N123AA at 2026-03-27T12:12:35.376456083Z
11:12:35.377 [main] INFO com.aviation.fmc.acars.OooiEventHandler -- Flight completed for N123AA: Block Time=01:00, Flight Time=00:00
]]></system-out>
  </testcase>
</testsuite>