<?xml version="1.0" encoding="UTF-8"?>
<testsuite xmlns:xsi="http://www.w3.org/2001/XMLSchema-instance" xsi:noNamespaceSchemaLocation="https://maven.apache.org/surefire/maven-surefire-plugin/xsd/surefire-test-report-3.0.xsd" version="3.0" name="com.aviation.fmc.acars.AircraftAcarsUnitTest" time="0.406" tests="14" errors="0" skipped="0" failures="0">
  <properties>
[...]
</properties>
  <testcase name="testEngineDataToString" classname="com.aviation.fmc.acars.AircraftAcarsUnitTest" time="0.233">
    <system-out><![CDATA[11:12:33.756 [main] INFO com.aviation.fmc.acars.AcarsGroundStation -- Starting ACARS ground station: Test Station (TEST-GS)
11:12:33.761 [main] INFO com.aviation.fmc.acars.AircraftAcarsUnit -- Starting ACARS unit for aircraft N123AA
11:12:33.846 [main] INFO com.aviation.fmc.acars.AircraftAcarsUnit -- Stopped ACARS unit for aircraft N123AA
11:12:33.846 [main] INFO com.aviation.fmc.acars.AcarsGroundStation -- Stopped ACARS ground station: TEST-GS
]]></system-out>
  </testcase>
  <testcase name="testUpdateFlightPhaseTriggersOooi" classname="com.aviation.fmc.acars.AircraftAcarsUnitTest" time="0.018">
    <system-out><![CDATA[11:12:33.858 [main] INFO com.aviation.fmc.acars.AcarsGroundStation -- Starting ACARS ground station: Test Station (TEST-GS)
11:12:33.860 [main] INFO com.aviation.fmc.acars.AircraftAcarsUnit -- Starting ACARS unit for aircraft N123AA
11:12:33.865 [main] INFO com.aviation.fmc.acars.AircraftAcarsUnit -- Sent OOOI event: OUT for aircraft N123AA
11:12:33.866 [main] INFO com.aviation.fmc.acars.AircraftAcarsUnit -- Sent OOOI event: OFF for aircraft N123AA
11:12:33.866 [pool-8-thread-1] DEBUG com.aviation.fmc.acars.AcarsGroundStation -- Station TEST-GS received OOOI_EVENT message from N123AA
11:12:33.866 [pool-7-thread-1] INFO com.aviation.fmc.acars.AcarsGroundStation -- Processing inbound OOOI_EVENT message from N123AA at station TEST-GS
11:12:33.866 [pool-8-thread-1] DEBUG com.aviation.fmc.acars.AircraftAcarsUnit -- Transmitted OOOI_EVENT message to com.aviation.fmc.acars.AcarsGroundStation@2a2109ca
11:12:33.866 [pool-8-thread-1] DEBUG com.aviation.fmc.acars.AcarsGroundStation -- Station TEST-GS received OOOI_EVENT message from N123AA
11:12:33.866 [pool-8-thread-1] DEBUG com.aviation.fmc.acars.AircraftAcarsUnit -- Transmitted OOOI_EVENT message to com.aviation.fmc.acars.AcarsGroundStation@2a2109ca
11:12:33.867 [pool-7-thread-1] INFO com.aviation.fmc.acars.OooiEventHandler -- Processing OOOI event: OUT for aircraft N123AA at 2026-03-27T11:12:00.867393532Z
11:12:33.869 [pool-7-thread-1] DEBUG com.aviation.fmc.acars.AcarsGroundStation -- Processed OOOI event from N123AA at station TEST-GS
11:12:33.870 [pool-7-thread-1] INFO com.aviation.fmc.acars.AcarsGroundStation -- Processing inbound OOOI_EVENT message from N123AA at station TEST-GS
11:12:33.871 [pool-7-thread-1] INFO com.aviation.fmc.acars.OooiEventHandler -- Processing OOOI event: OFF for aircraft N123AA at 2026-03-27T11:12:00.871199932Z
11:12:33.871 [pool-7-thread-1] DEBUG com.aviation.fmc.acars.AcarsGroundStation -- Processed OOOI event from N123AA at station TEST-GS
11:12:33.874 [main] INFO com.aviation.fmc.acars.AircraftAcarsUnit -- Stopped ACARS unit for aircraft N123AA
11:12:33.874 [main] INFO com.aviation.fmc.acars.AcarsGroundStation -- Stopped ACARS ground station: TEST-GS
]]></system-out>
  </testcase>
  <testcase name="testRequestWeather" classname="com.aviation.fmc.acars.AircraftAcarsUnitTest" time="0.032">
    <system-out><![CDATA[11:12:33.876 [main] INFO com.aviation.fmc.acars.AcarsGroundStation -- Starting ACARS ground station: Test Station (TEST-GS)
11:12:33.878 [main] INFO com.aviation.fmc.acars.AircraftAcarsUnit -- Starting ACARS unit for aircraft N123AA
11:12:33.906 [pool-12-thread-1] DEBUG com.aviation.fmc.acars.AcarsGroundStation -- Station TEST-GS received WEATHER_REQUEST message from N123AA
11:12:33.906 [pool-11-thread-1] INFO com.aviation.fmc.acars.AcarsGroundStation -- Processing inbound WEATHER_REQUEST message from N123AA at station TEST-GS
11:12:33.907 [pool-12-thread-1] DEBUG com.aviation.fmc.acars.AircraftAcarsUnit -- Transmitted WEATHER_REQUEST message to com.aviation.fmc.acars.AcarsGroundStation@53271e61
11:12:33.908 [main] INFO com.aviation.fmc.acars.AircraftAcarsUnit -- Stopped ACARS unit for aircraft N123AA
11:12:33.908 [main] INFO com.aviation.fmc.acars.AcarsGroundStation -- Stopped ACARS ground station: TEST-GS
]]></system-out>
  </testcase>
  <testcase name="testStatistics" classname="com.aviation.fmc.acars.AircraftAcarsUnitTest" time="0.009">
    <system-out><![CDATA[11:12:33.910 [main] INFO com.aviation.fmc.acars.AcarsGroundStation -- Starting ACARS ground station: Test Station (TEST-GS)
11:12:33.912 [main] INFO com.aviation.fmc.acars.AircraftAcarsUnit -- Starting ACARS unit for aircraft N123AA
11:12:33.915 [pool-15-thread-1] INFO com.aviation.fmc.acars.AcarsGroundStation -- Processing inbound FREE_TEXT message from N123AA at station TEST-GS
11:12:33.915 [pool-16-thread-1] DEBUG com.aviation.fmc.acars.AcarsGroundStation -- Station TEST-GS received FREE_TEXT message from N123AA
11:12:33.915 [pool-16-thread-1] DEBUG com.aviation.fmc.acars.AircraftAcarsUnit -- Transmitted FREE_TEXT message to com.aviation.fmc.acars.AcarsGroundStation@1d699e8
11:12:33.917 [main] INFO com.aviation.fmc.acars.AircraftAcarsUnit -- Stopped ACARS unit for aircraft N123AA
11:12:33.917 [main] INFO com.aviation.fmc.acars.AcarsGroundStation -- Stopped ACARS ground station: TEST-GS
]]></system-out>
  </testcase>
  <testcase name="testEventReporter" classname="com.aviation.fmc.acars.AircraftAcarsUnitTest" time="0.005">
    <system-out><![CDATA[11:12:33.920 [main] INFO com.aviation.fmc.acars.AcarsGroundStation -- Starting ACARS ground station: Test Station (TEST-GS)
11:12:33.921 [main] INFO com.aviation.fmc.acars.AircraftAcarsUnit -- Starting ACARS unit for aircraft N123AA
11:12:33.923 [main] INFO com.aviation.fmc.acars.AircraftAcarsUnit -- Stopped ACARS unit for aircraft N123AA
11:12:33.924 [main] INFO com.aviation.fmc.acars.AcarsGroundStation -- Stopped ACARS ground station: TEST-GS
]]></system-out>
  </testcase>
  <testcase name="testSendFreeText" classname="com.aviation.fmc.acars.AircraftAcarsUnitTest" time="0.006">
    <system-out><![CDATA[11:12:33.927 [main] INFO com.aviation.fmc.acars.AcarsGroundStation -- Starting ACARS ground station: Test Station (TEST-GS)
11:12:33.928 [main] INFO com.aviation.fmc.acars.AircraftAcarsUnit -- Starting ACARS unit for aircraft N123AA
11:12:33.930 [pool-23-thread-1] INFO com.aviation.fmc.acars.AcarsGroundStation -- Processing inbound FREE_TEXT message from N123AA at station TEST-GS
11:12:33.930 [pool-24-thread-1] DEBUG com.aviation.fmc.acars.AcarsGroundStation -- Station TEST-GS received FREE_TEXT message from N123AA
11:12:33.931 [pool-24-thread-1] DEBUG com.aviation.fmc.acars.AircraftAcarsUnit -- Transmitted FREE_TEXT message to com.aviation.fmc.acars.AcarsGroundStation@8e248a8
11:12:33.931 [main] INFO com.aviation.fmc.acars.AircraftAcarsUnit -- Stopped ACARS unit for aircraft N123AA
11:12:33.932 [main] INFO com.aviation.fmc.acars.AcarsGroundStation -- Stopped ACARS ground station: TEST-GS
]]></system-out>
  </testcase>
  <testcase name="testSendEngineReport" classname="com.aviation.fmc.acars.AircraftAcarsUnitTest" time="0.006">
    <system-out><![CDATA[11:12:33.934 [main] INFO com.aviation.fmc.acars.AcarsGroundStation -- Starting ACARS ground station: Test Station (TEST-GS)
11:12:33.935 [main] INFO com.aviation.fmc.acars.AircraftAcarsUnit -- Starting ACARS unit for aircraft N123AA
11:12:33.937 [pool-27-thread-1] INFO com.aviation.fmc.acars.AcarsGroundStation -- Processing inbound ENGINE_REPORT message from N123AA at station TEST-GS
11:12:33.937 [pool-28-thread-1] DEBUG com.aviation.fmc.acars.AcarsGroundStation -- Station TEST-GS received ENGINE_REPORT message from N123AA
11:12:33.938 [pool-28-thread-1] DEBUG com.aviation.fmc.acars.AircraftAcarsUnit -- Transmitted ENGINE_REPORT message to com.aviation.fmc.acars.AcarsGroundStation@550cc641
11:12:33.938 [main] INFO com.aviation.fmc.acars.AircraftAcarsUnit -- Stopped ACARS unit for aircraft N123AA
11:12:33.938 [main] INFO com.aviation.fmc.acars.AcarsGroundStation -- Stopped ACARS ground station: TEST-GS
]]></system-out>
  </testcase>
  <testcase name="testStartAndStop" classname="com.aviation.fmc.acars.AircraftAcarsUnitTest" time="0.01">
    <system-out><![CDATA[11:12:33.942 [main] INFO com.aviation.fmc.acars.AcarsGroundStation -- Starting ACARS ground station: Test Station (TEST-GS)
11:12:33.943 [main] INFO com.aviation.fmc.acars.AircraftAcarsUnit -- Starting ACARS unit for aircraft N123AA
11:12:33.946 [main] INFO com.aviation.fmc.acars.AircraftAcarsUnit -- Stopped ACARS unit for aircraft N123AA
11:12:33.946 [main] INFO com.aviation.fmc.acars.AircraftAcarsUnit -- Starting ACARS unit for aircraft N123AA
11:12:33.950 [main] INFO com.aviation.fmc.acars.AircraftAcarsUnit -- Stopped ACARS unit for aircraft N123AA
11:12:33.950 [main] INFO com.aviation.fmc.acars.AcarsGroundStation -- Stopped ACARS ground station: TEST-GS
]]></system-out>
  </testcase>
  <testcase name="testUpdatePosition" classname="com.aviation.fmc.acars.AircraftAcarsUnitTest" time="0.005">
    <system-out><![CDATA[11:12:33.952 [main] INFO com.aviation.fmc.acars.AcarsGroundStation -- Starting ACARS ground station: Test Station (TEST-GS)
11:12:33.953 [main] INFO com.aviation.fmc.acars.AircraftAcarsUnit -- Starting ACARS unit for aircraft N123AA
11:12:33.955 [main] INFO com.aviation.fmc.acars.AircraftAcarsUnit -- Stopped ACARS unit for aircraft N123AA
11:12:33.956 [main] INFO com.aviation.fmc.acars.AcarsGroundStation -- Stopped ACARS ground station: TEST-GS
]]></system-out>
  </testcase>
  <testcase name="testIdentity" classname="com.aviation.fmc.acars.AircraftAcarsUnitTest" time="0.004">
    <system-out><![CDATA[11:12:33.958 [main] INFO com.aviation.fmc.acars.AcarsGroundStation -- Starting ACARS ground station: Test Station (TEST-GS)
11:12:33.959 [main] INFO com.aviation.fmc.acars.AircraftAcarsUnit -- Starting ACARS unit for aircraft N123AA
11:12:33.961 [main] INFO com.aviation.fmc.acars.AircraftAcarsUnit -- Stopped ACARS unit for aircraft N123AA
11:12:33.961 [main] INFO com.aviation.fmc.acars.AcarsGroundStation -- Stopped ACARS ground station: TEST-GS
]]></system-out>
  </testcase>
  <testcase name="testOooiEventToString" classname="com.aviation.fmc.acars.AircraftAcarsUnitTest" time="0.007">
    <system-out><![CDATA[11:12:33.964 [main] INFO com.aviation.fmc.acars.AcarsGroundStation -- Starting ACARS ground station: Test Station (TEST-GS)
11:12:33.965 [main] INFO com.aviation.fmc.acars.AircraftAcarsUnit -- Starting ACARS unit for aircraft N123AA
11:12:33.969 [main] INFO com.aviation.fmc.acars.AircraftAcarsUnit -- Stopped ACARS unit for aircraft N123AA
11:12:33.969 [main] INFO com.aviation.fmc.acars.AcarsGroundStation -- Stopped ACARS ground station: TEST-GS
]]></system-out>
  </testcase>
  <testcase name="testRequestRouteUpload" classname="com.aviation.fmc.acars.AircraftAcarsUnitTest" time="0.006">
    <system-out><![CDATA[11:12:33.971 [main] INFO com.aviation.fmc.acars.AcarsGroundStation -- Starting ACARS ground station: Test Station (TEST-GS)
11:12:33.972 [main] INFO com.aviation.fmc.acars.AircraftAcarsUnit -- Starting ACARS unit for aircraft N123AA
11:12:33.975 [pool-50-thread-1] DEBUG com.aviation.fmc.acars.AcarsGroundStation -- Station TEST-GS received ROUTE_REQUEST message from N123AA
11:12:33.975 [pool-49-thread-1] INFO com.aviation.fmc.acars.AcarsGroundStation -- Processing inbound ROUTE_REQUEST message from N123AA at station TEST-GS
11:12:33.975 [pool-50-thread-1] DEBUG com.aviation.fmc.acars.AircraftAcarsUnit -- Transmitted ROUTE_REQUEST message to com.aviation.fmc.acars.AcarsGroundStation@609221bf
11:12:33.976 [main] INFO com.aviation.fmc.acars.AircraftAcarsUnit -- Stopped ACARS unit for aircraft N123AA
11:12:33.976 [main] INFO com.aviation.fmc.acars.AcarsGroundStation -- Stopped ACARS ground station: TEST-GS
]]></system-out>
  </testcase>
  <testcase name="testAllFlightPhases" classname="com.aviation.fmc.acars.AircraftAcarsUnitTest" time="0.007">
    <system-out><![CDATA[11:12:33.979 [main] INFO com.aviation.fmc.acars.AcarsGroundStation -- Starting ACARS ground station: Test Station (TEST-GS)
11:12:33.980 [main] INFO com.aviation.fmc.acars.AircraftAcarsUnit -- Starting ACARS unit for aircraft N123AA
11:12:33.982 [main] INFO com.aviation.fmc.acars.AircraftAcarsUnit -- Sent OOOI event: OUT for aircraft N123AA
11:12:33.982 [pool-54-thread-1] DEBUG com.aviation.fmc.acars.AcarsGroundStation -- Station TEST-GS received OOOI_EVENT message from N123AA
11:12:33.982 [pool-53-thread-1] INFO com.aviation.fmc.acars.AcarsGroundStation -- Processing inbound OOOI_EVENT message from N123AA at station TEST-GS
11:12:33.982 [pool-54-thread-1] DEBUG com.aviation.fmc.acars.AircraftAcarsUnit -- Transmitted OOOI_EVENT message to com.aviation.fmc.acars.AcarsGroundStation@6d617725
11:12:33.982 [main] INFO com.aviation.fmc.acars.AircraftAcarsUnit -- Sent OOOI event: OFF for aircraft N123AA
11:12:33.982 [pool-53-thread-1] INFO com.aviation.fmc.acars.OooiEventHandler -- Processing OOOI event: OUT for aircraft N123AA at 2026-03-27T11:12:00.982746309Z
11:12:33.982 [pool-54-thread-1] DEBUG com.aviation.fmc.acars.AcarsGroundStation -- Station TEST-GS received OOOI_EVENT message from N123AA
11:12:33.982 [pool-53-thread-1] DEBUG com.aviation.fmc.acars.AcarsGroundStation -- Processed OOOI event from N123AA at station TEST-GS
11:12:33.982 [pool-54-thread-1] DEBUG com.aviation.fmc.acars.AircraftAcarsUnit -- Transmitted OOOI_EVENT message to com.aviation.fmc.acars.AcarsGroundStation@6d617725
11:12:33.983 [pool-53-thread-1] INFO com.aviation.fmc.acars.AcarsGroundStation -- Processing inbound OOOI_EVENT message from N123AA at station TEST-GS
11:12:33.983 [main] INFO com.aviation.fmc.acars.AircraftAcarsUnit -- Sent OOOI event: ON for aircraft N123AA
11:12:33.983 [pool-54-thread-1] DEBUG com.aviation.fmc.acars.AcarsGroundStation -- Station TEST-GS received OOOI_EVENT message from N123AA
11:12:33.983 [pool-53-thread-1] INFO com.aviation.fmc.acars.OooiEventHandler -- Processing OOOI event: OFF for aircraft N123AA at 2026-03-27T11:12:00.983190800Z
11:12:33.983 [pool-54-thread-1] DEBUG com.aviation.fmc.acars.AircraftAcarsUnit -- Transmitted OOOI_EVENT message to com.aviation.fmc.acars.AcarsGroundStation@6d617725
11:12:33.983 [main] INFO com.aviation.fmc.acars.AircraftAcarsUnit -- Sent OOOI event: IN for aircraft N123AA
11:12:33.983 [pool-53-thread-1] DEBUG com.aviation.fmc.acars.AcarsGroundStation -- Processed OOOI event from N123AA at station TEST-GS
11:12:33.983 [pool-54-thread-1] DEBUG com.aviation.fmc.acars.AcarsGroundStation -- Station TEST-GS received OOOI_EVENT message from N123AA
11:12:33.983 [pool-54-thread-1] DEBUG com.aviation.fmc.acars.AircraftAcarsUnit -- Transmitted OOOI_EVENT message to com.aviation.fmc.acars.AcarsGroundStation@6d617725
11:12:33.983 [pool-53-thread-1] INFO com.aviation.fmc.acars.AcarsGroundStation -- Processing inbound OOOI_EVENT message from N123AA at station TEST-GS
11:12:33.983 [pool-53-thread-1] INFO com.aviation.fmc.acars.OooiEventHandler -- Processing OOOI event: ON for aircraft N123AA at 2026-03-27T11:12:00.983954659Z
11:12:33.984 [pool-53-thread-1] DEBUG com.aviation.fmc.acars.AcarsGroundStation -- Processed OOOI event from N123AA at station TEST-GS
11:12:33.984 [main] INFO com.aviation.fmc.acars.AircraftAcarsUnit -- Stopped ACARS unit for aircraft N123AA
11:12:33.984 [pool-53-thread-1] INFO com.aviation.fmc.acars.AcarsGroundStation -- Processing inbound OOOI_EVENT message from N123AA at station TEST-GS
11:12:33.984 [main] INFO com.aviation.fmc.acars.AcarsGroundStation -- Stopped ACARS ground station: TEST-GS
11:12:33.984 [pool-53-thread-1] INFO com.aviation.fmc.acars.OooiEventHandler -- Processing OOOI event: IN for aircraft N123AA at 2026-03-27T11:12:00.984414750Z
]]></system-out>
  </testcase>
  <testcase name="testSendOooiEvent" classname="com.aviation.fmc.acars.AircraftAcarsUnitTest" time="0.007">
    <system-out><![CDATA[11:12:33.987 [main] INFO com.aviation.fmc.acars.AcarsGroundStation -- Starting ACARS ground station: Test Station (TEST-GS)
11:12:33.988 [pool-53-thread-1] INFO com.aviation.fmc.acars.OooiEventHandler -- Flight completed for N123AA: Block Time=00:00, Flight Time=00:00
11:12:33.988 [pool-53-thread-1] DEBUG com.aviation.fmc.acars.AcarsGroundStation -- Processed OOOI event from N123AA at station TEST-GS
11:12:33.989 [main] INFO com.aviation.fmc.acars.AircraftAcarsUnit -- Starting ACARS unit for aircraft N123AA
11:12:33.991 [main] INFO com.aviation.fmc.acars.AircraftAcarsUnit -- Sent OOOI event: OUT for aircraft N123AA
11:12:33.991 [pool-58-thread-1] DEBUG com.aviation.fmc.acars.AcarsGroundStation -- Station TEST-GS received OOOI_EVENT message from N123AA
11:12:33.991 [pool-57-thread-1] INFO com.aviation.fmc.acars.AcarsGroundStation -- Processing inbound OOOI_EVENT message from N123AA at station TEST-GS
11:12:33.991 [pool-58-thread-1] DEBUG com.aviation.fmc.acars.AircraftAcarsUnit -- Transmitted OOOI_EVENT message to com.aviation.fmc.acars.AcarsGroundStation@31a86a15
11:12:33.992 [pool-57-thread-1] INFO com.aviation.fmc.acars.OooiEventHandler -- Processing OOOI event: OUT for aircraft N123AA at 2026-03-27T11:12:00.992034808Z
11:12:33.992 [pool-57-thread-1] DEBUG com.aviation.fmc.acars.AcarsGroundStation -- Processed OOOI event from N123AA at station TEST-GS
11:12:33.992 [main] INFO com.aviation.fmc.acars.AircraftAcarsUnit -- Stopped ACARS unit for aircraft N123AA
11:12:33.993 [main] INFO com.aviation.fmc.acars.AcarsGroundStation -- Stopped ACARS ground station: TEST-GS
]]></system-out>
  </testcase>
</testsuite>